2023/09/09 06:15:40 Server starting on port 7070
2023/09/09 06:15:51 Starting classic Paxos replica...
2023/09/09 06:15:51 rpc.Register: method "ConnectToPeers" has 1 input parameters; needs exactly three
2023/09/09 06:15:51 rpc.Register: method "ConnectToPeersNoListeners" has 1 input parameters; needs exactly three
2023/09/09 06:15:51 rpc.Register: reply type of method "RegisterRPC" is not a pointer: "chan fastrpc.Serializable"
2023/09/09 06:15:51 rpc.Register: method "ReplyBeacon" has 2 input parameters; needs exactly three
2023/09/09 06:15:51 rpc.Register: method "ReplyPropose" has 0 output parameters; needs exactly one
2023/09/09 06:15:51 rpc.Register: method "ReplyProposeTS" has 0 output parameters; needs exactly one
2023/09/09 06:15:51 rpc.Register: method "SendBeacon" has 2 input parameters; needs exactly three
2023/09/09 06:15:51 rpc.Register: method "SendMsg" has 4 input parameters; needs exactly three
2023/09/09 06:15:51 rpc.Register: method "SendMsgNoFlush" has 4 input parameters; needs exactly three
2023/09/09 06:15:51 rpc.Register: method "UpdatePreferredPeerOrder" has 2 input parameters; needs exactly three
2023/09/09 06:15:51 rpc.Register: method "WaitForClientConnections" has 1 input parameters; needs exactly three
2023/09/09 06:15:52 Replica id: 0. Done connecting to peers
panic: runtime error: invalid memory address or nil pointer dereference
[signal SIGSEGV: segmentation violation code=0x1 addr=0x0 pc=0x590cb3]

goroutine 40 [running]:
gus-epaxos/src/paxos.(*Replica).executeCommands(0xc0000ec000)
	/root/go/src/gus-epaxos/src/paxos/paxos.go:733 +0x453
created by gus-epaxos/src/paxos.(*Replica).run
	/root/go/src/gus-epaxos/src/paxos/paxos.go:201 +0x749
