2023/09/06 12:31:45 Server starting on port 7070
2023/09/06 12:31:45 Starting classic Paxos replica...
2023/09/06 12:31:45 rpc.Register: method "ConnectToPeers" has 1 input parameters; needs exactly three
2023/09/06 12:31:45 rpc.Register: method "ConnectToPeersNoListeners" has 1 input parameters; needs exactly three
2023/09/06 12:31:45 rpc.Register: reply type of method "RegisterRPC" is not a pointer: "chan fastrpc.Serializable"
2023/09/06 12:31:45 rpc.Register: method "ReplyBeacon" has 2 input parameters; needs exactly three
2023/09/06 12:31:45 rpc.Register: method "ReplyPropose" has 0 output parameters; needs exactly one
2023/09/06 12:31:45 rpc.Register: method "ReplyProposeTS" has 0 output parameters; needs exactly one
2023/09/06 12:31:45 rpc.Register: method "SendBeacon" has 2 input parameters; needs exactly three
2023/09/06 12:31:45 rpc.Register: method "SendMsg" has 4 input parameters; needs exactly three
2023/09/06 12:31:45 rpc.Register: method "SendMsgNoFlush" has 4 input parameters; needs exactly three
2023/09/06 12:31:45 rpc.Register: method "UpdatePreferredPeerOrder" has 2 input parameters; needs exactly three
2023/09/06 12:31:45 rpc.Register: method "WaitForClientConnections" has 1 input parameters; needs exactly three
2023/09/06 12:31:45 Replica id: 0. Done connecting to peers
panic: runtime error: invalid memory address or nil pointer dereference
[signal SIGSEGV: segmentation violation code=0x1 addr=0x0 pc=0x77d50d]

goroutine 20 [running]:
paxos.(*Replica).handleReadReply(0xc00012c000, 0xc000126888)
	/root/go/src/gus-epaxos/src/paxos/paxos.go:825 +0x2ed
paxos.(*Replica).run(0xc00012c000)
	/root/go/src/gus-epaxos/src/paxos/paxos.go:285 +0x6c5
created by paxos.NewReplica
	/root/go/src/gus-epaxos/src/paxos/paxos.go:122 +0xbb1
